#1 [internal] load local bake definitions
#1 reading from stdin 549B done
#1 DONE 0.0s

#2 [internal] load build definition from Docl
#2 transferring dockerfile: 108B done
#2 DONE 0.0s

#3 [internal] load metadata for docker.io/library/nginx:1.29.1-alpine
#3 DONE 1.6s

#4 [internal] load .dockerignore
#4 transferring context: 2B done
#4 DONE 0.0s

#5 [1/2] FROM docker.io/library/nginx:1.29.1-alpine@sha256:42a516af16b852e33b7682d5ef8acbd5d13fe08fecadc7ed98605ba5e3b26ab8
#5 resolve docker.io/library/nginx:1.29.1-alpine@sha256:42a516af16b852e33b7682d5ef8acbd5d13fe08fecadc7ed98605ba5e3b26ab8 done
#5 sha256:021cb5923c0e90937539b3bc922d668109e6fa19b27d1e67bf0d6cb84cbc94d8 0B / 16.99MB 0.2s
#5 sha256:66ce170f7dd87f4ee563e53b9f099a4e295f5e52cd580b4b84df4d3879c41486 0B / 1.40kB 0.2s
#5 sha256:0bc2f07fbf03f53f2569fbdf75ab4c409fbde0d5ab4b4a6d49e8bfbd41577b76 0B / 403B 0.2s
#5 sha256:6c2c01fdb0949fef1a50f981f1c837eb1076c7731fbbcc3382fe699c33f232c6 0B / 1.21kB 0.2s
#5 sha256:66ce170f7dd87f4ee563e53b9f099a4e295f5e52cd580b4b84df4d3879c41486 1.40kB / 1.40kB 0.3s done
#5 sha256:0bc2f07fbf03f53f2569fbdf75ab4c409fbde0d5ab4b4a6d49e8bfbd41577b76 403B / 403B 0.4s done
#5 sha256:6c2c01fdb0949fef1a50f981f1c837eb1076c7731fbbcc3382fe699c33f232c6 1.21kB / 1.21kB 0.4s done
#5 sha256:021cb5923c0e90937539b3bc922d668109e6fa19b27d1e67bf0d6cb84cbc94d8 16.99MB / 16.99MB 0.5s done
#5 sha256:6156ecb6dfff3c433e78d41dab6d6dd7d2c5c759f6faebb49c0b6bc04874509b 0B / 953B 0.2s
#5 sha256:04ba7957f9d23b5a6073e2690367274e07226e16229a3874c65e854a457ca4d2 627B / 627B 0.2s done
#5 sha256:49f3b06c840fcb4c48cf9bfe1da039269b88c682942434e2bf8b266d3acdd4fd 1.80MB / 1.80MB 0.2s done
#5 sha256:6156ecb6dfff3c433e78d41dab6d6dd7d2c5c759f6faebb49c0b6bc04874509b 953B / 953B 0.3s done
#5 extracting sha256:49f3b06c840fcb4c48cf9bfe1da039269b88c682942434e2bf8b266d3acdd4fd 0.0s done
#5 extracting sha256:04ba7957f9d23b5a6073e2690367274e07226e16229a3874c65e854a457ca4d2 done
#5 extracting sha256:6156ecb6dfff3c433e78d41dab6d6dd7d2c5c759f6faebb49c0b6bc04874509b done
#5 extracting sha256:0bc2f07fbf03f53f2569fbdf75ab4c409fbde0d5ab4b4a6d49e8bfbd41577b76 done
#5 extracting sha256:6c2c01fdb0949fef1a50f981f1c837eb1076c7731fbbcc3382fe699c33f232c6 done
#5 extracting sha256:66ce170f7dd87f4ee563e53b9f099a4e295f5e52cd580b4b84df4d3879c41486 done
#5 extracting sha256:021cb5923c0e90937539b3bc922d668109e6fa19b27d1e67bf0d6cb84cbc94d8
#5 extracting sha256:021cb5923c0e90937539b3bc922d668109e6fa19b27d1e67bf0d6cb84cbc94d8 0.2s done
#5 DONE 0.9s

#6 [2/2] RUN apk update && apk add --no-cache nano curl git
#6 0.056 fetch https://dl-cdn.alpinelinux.org/alpine/v3.22/main/aarch64/APKINDEX.tar.gz
#6 0.284 fetch https://dl-cdn.alpinelinux.org/alpine/v3.22/community/aarch64/APKINDEX.tar.gz
#6 0.526 v3.22.1-528-g13c653cc49d [https://dl-cdn.alpinelinux.org/alpine/v3.22/main]
#6 0.526 v3.22.1-535-g9268f9374e3 [https://dl-cdn.alpinelinux.org/alpine/v3.22/community]
#6 0.526 OK: 26176 distinct packages available
#6 0.547 fetch https://dl-cdn.alpinelinux.org/alpine/v3.22/main/aarch64/APKINDEX.tar.gz
#6 0.743 fetch https://dl-cdn.alpinelinux.org/alpine/v3.22/community/aarch64/APKINDEX.tar.gz
#6 0.918 (1/3) Installing git (2.49.1-r0)
#6 0.998 (2/3) Installing git-init-template (2.49.1-r0)
#6 1.028 (3/3) Installing nano (8.4-r0)
#6 1.061 Executing busybox-1.37.0-r18.trigger
#6 1.064 OK: 57 MiB in 73 packages
#6 DONE 1.1s

#7 exporting to image
#7 exporting layers
#7 exporting layers 0.2s done
#7 exporting manifest sha256:349f40ce72c4c225beee86db56a4869a9fc340849e1f6b758f6efa50688b54a1 done
#7 exporting config sha256:9b0ce4e0714b087e72100474f54ffc26fa780c6d459f14260de9f5e9d1b185bf done
#7 exporting attestation manifest sha256:876b03d0e0d13044f375e1aec672753950293d4237c2c8cf2c94d58de66a4a61 done
#7 exporting manifest list sha256:213c420017e602a0a6c388760a678e48dda89dd6ec24c5321fa8a198a3b4c2e8 done
#7 naming to docker.io/library/qoco-qoco:latest done
#7 unpacking to docker.io/library/qoco-qoco:latest 0.1s done
#7 DONE 0.3s

#8 resolving provenance for metadata file
#8 DONE 0.0s
 qoco-qoco  Built
 Container qoco  Creating
 Container qoco  Created
 Container qoco  Starting
 Container qoco  Started
